TN:
SF:app.js
FN:21,(anonymous_0)
FN:28,(anonymous_1)
FN:44,(anonymous_2)
FN:57,(anonymous_3)
FNF:4
FNH:2
FNDA:1,(anonymous_0)
FNDA:0,(anonymous_1)
FNDA:1,(anonymous_2)
FNDA:0,(anonymous_3)
DA:1,1
DA:2,1
DA:3,1
DA:4,1
DA:5,1
DA:6,1
DA:8,1
DA:9,1
DA:11,1
DA:12,1
DA:13,1
DA:17,1
DA:18,1
DA:19,1
DA:21,1
DA:22,1
DA:28,1
DA:29,0
DA:34,0
DA:44,1
DA:45,1
DA:46,1
DA:47,1
DA:49,0
DA:56,1
DA:57,0
DA:58,0
DA:63,1
LF:28
LH:23
BRDA:4,0,0,1
BRDA:4,0,1,1
BRDA:56,1,0,0
BRDA:56,1,1,1
BRF:4
BRH:3
end_of_record
TN:
SF:controller/data-controller.js
FN:5,(anonymous_0)
FNF:1
FNH:1
FNDA:3,(anonymous_0)
DA:1,2
DA:2,2
DA:3,2
DA:5,2
DA:6,3
DA:7,3
DA:8,3
DA:10,3
DA:11,1
DA:14,2
DA:15,0
DA:18,2
DA:19,2
DA:20,1
DA:22,1
DA:24,2
DA:28,2
LF:17
LH:16
BRDA:10,0,0,1
BRDA:10,0,1,2
BRDA:14,1,0,0
BRDA:14,1,1,2
BRF:4
BRH:3
end_of_record
TN:
SF:error/errors.js
FN:2,(anonymous_0)
FN:10,(anonymous_1)
FN:17,(anonymous_2)
FNF:3
FNH:3
FNDA:4,(anonymous_0)
FNDA:3,(anonymous_1)
FNDA:3,(anonymous_2)
DA:3,4
DA:4,4
DA:5,4
DA:11,3
DA:12,3
DA:13,3
DA:17,3
DA:18,3
DA:23,3
LF:9
LH:9
BRDA:5,0,0,4
BRDA:5,0,1,1
BRDA:10,1,0,1
BRF:3
BRH:3
end_of_record
TN:
SF:helper/format-item.js
FN:9,(anonymous_0)
FNF:1
FNH:1
FNDA:6,(anonymous_0)
DA:1,5
DA:9,5
DA:10,6
DA:11,6
DA:12,6
DA:14,6
DA:15,4
DA:16,4
DA:19,6
DA:22,5
LF:10
LH:10
BRDA:10,0,0,6
BRDA:10,0,1,2
BRDA:14,1,0,4
BRDA:14,1,1,2
BRF:4
BRH:4
end_of_record
TN:
SF:lib/react-server.js
FN:5,(anonymous_0)
FN:10,(anonymous_1)
FN:18,(anonymous_2)
FNF:3
FNH:0
FNDA:0,(anonymous_0)
FNDA:0,(anonymous_1)
FNDA:0,(anonymous_2)
DA:2,1
DA:3,1
DA:5,1
DA:6,0
DA:7,0
DA:10,1
DA:11,0
DA:12,0
DA:14,0
DA:15,0
DA:18,1
DA:19,0
DA:20,0
DA:21,0
DA:22,0
DA:24,0
DA:25,0
DA:27,0
DA:31,1
LF:19
LH:6
BRDA:7,0,0,0
BRDA:7,0,1,0
BRDA:7,1,0,0
BRDA:7,1,1,0
BRDA:11,2,0,0
BRDA:11,2,1,0
BRDA:21,3,0,0
BRDA:21,3,1,0
BRF:8
BRH:0
end_of_record
TN:
SF:model/api-model.js
FN:4,(anonymous_0)
FN:9,(anonymous_1)
FN:28,(anonymous_2)
FNF:3
FNH:3
FNDA:4,(anonymous_0)
FNDA:2,(anonymous_1)
FNDA:1,(anonymous_2)
DA:1,3
DA:2,3
DA:5,4
DA:6,4
DA:10,2
DA:13,2
DA:14,2
DA:16,2
DA:18,2
DA:19,1
DA:24,1
DA:25,1
DA:29,1
DA:30,1
DA:34,3
LF:15
LH:15
BRDA:18,0,0,1
BRDA:18,0,1,1
BRF:2
BRH:2
end_of_record
TN:
SF:src/js/main.js
FNF:0
FNH:0
LF:0
LH:0
BRF:0
BRH:0
end_of_record
